\\warehouse2.seasad.wustl.edu\home\zengpeiyun\winprofile\desktop\sync_425\labs\lab1_02\lab1_00v_1.1\debug\lab1_00.ilk
\\warehouse2.seasad.wustl.edu\home\zengpeiyun\winprofile\desktop\sync_425\labs\lab1_02\lab1_00v_1.1\debug\lab1_00.exe
\\warehouse2.seasad.wustl.edu\home\zengpeiyun\winprofile\desktop\sync_425\labs\lab1_02\lab1_00v_1.1\debug\lab1_00.pdb
\\warehouse2.seasad.wustl.edu\home\zengpeiyun\winprofile\desktop\sync_425\labs\lab1_02\lab1_00v_1.1\lab1_00\debug\lab1_00.pch
\\warehouse2.seasad.wustl.edu\home\zengpeiyun\winprofile\desktop\sync_425\labs\lab1_02\lab1_00v_1.1\lab1_00\debug\vc120.pdb
\\warehouse2.seasad.wustl.edu\home\zengpeiyun\winprofile\desktop\sync_425\labs\lab1_02\lab1_00v_1.1\lab1_00\debug\vc120.idb
\\warehouse2.seasad.wustl.edu\home\zengpeiyun\winprofile\desktop\sync_425\labs\lab1_02\lab1_00v_1.1\lab1_00\debug\stdafx.obj
\\warehouse2.seasad.wustl.edu\home\zengpeiyun\winprofile\desktop\sync_425\labs\lab1_02\lab1_00v_1.1\lab1_00\debug\astnode.obj
\\warehouse2.seasad.wustl.edu\home\zengpeiyun\winprofile\desktop\sync_425\labs\lab1_02\lab1_00v_1.1\lab1_00\debug\bodyast.obj
\\warehouse2.seasad.wustl.edu\home\zengpeiyun\winprofile\desktop\sync_425\labs\lab1_02\lab1_00v_1.1\lab1_00\debug\headast.obj
\\warehouse2.seasad.wustl.edu\home\zengpeiyun\winprofile\desktop\sync_425\labs\lab1_02\lab1_00v_1.1\lab1_00\debug\hornclauseast.obj
\\warehouse2.seasad.wustl.edu\home\zengpeiyun\winprofile\desktop\sync_425\labs\lab1_02\lab1_00v_1.1\lab1_00\debug\label.obj
\\warehouse2.seasad.wustl.edu\home\zengpeiyun\winprofile\desktop\sync_425\labs\lab1_02\lab1_00v_1.1\lab1_00\debug\number.obj
\\warehouse2.seasad.wustl.edu\home\zengpeiyun\winprofile\desktop\sync_425\labs\lab1_02\lab1_00v_1.1\lab1_00\debug\predicateast.obj
\\warehouse2.seasad.wustl.edu\home\zengpeiyun\winprofile\desktop\sync_425\labs\lab1_02\lab1_00v_1.1\lab1_00\debug\scanner.obj
\\warehouse2.seasad.wustl.edu\home\zengpeiyun\winprofile\desktop\sync_425\labs\lab1_02\lab1_00v_1.1\lab1_00\debug\terminals.obj
\\warehouse2.seasad.wustl.edu\home\zengpeiyun\winprofile\desktop\sync_425\labs\lab1_02\lab1_00v_1.1\lab1_00\debug\token.obj
\\warehouse2.seasad.wustl.edu\home\zengpeiyun\winprofile\desktop\sync_425\labs\lab1_02\lab1_00v_1.1\lab1_00\debug\lab1_00.obj
\\warehouse2.seasad.wustl.edu\home\zengpeiyun\winprofile\desktop\sync_425\labs\lab1_02\lab1_00v_1.1\lab1_00\debug\lab1_00.tlog\cl.command.1.tlog
\\warehouse2.seasad.wustl.edu\home\zengpeiyun\winprofile\desktop\sync_425\labs\lab1_02\lab1_00v_1.1\lab1_00\debug\lab1_00.tlog\link.command.1.tlog
\\warehouse2.seasad.wustl.edu\home\zengpeiyun\winprofile\desktop\sync_425\labs\lab1_02\lab1_00v_1.1\lab1_00\debug\lab1_00.tlog\link.write.1.tlog
\\warehouse2.seasad.wustl.edu\home\zengpeiyun\winprofile\desktop\sync_425\labs\lab1_02\lab1_00v_1.1\lab1_00\debug\lab1_00.tlog\cl.write.1.tlog
\\warehouse2.seasad.wustl.edu\home\zengpeiyun\winprofile\desktop\sync_425\labs\lab1_02\lab1_00v_1.1\lab1_00\debug\lab1_00.tlog\link.read.1.tlog
\\warehouse2.seasad.wustl.edu\home\zengpeiyun\winprofile\desktop\sync_425\labs\lab1_02\lab1_00v_1.1\lab1_00\debug\lab1_00.tlog\cl.read.1.tlog
