Build started 9/28/2015 3:22:30 AM.
     1>Project "D:\Programming_Projects\C++\lab1_00v_1.1\lab1_00v_1.1\lab1_00\lab1_00.vcxproj" on node 2 (Build target(s)).
     1>ClCompile:
         C:\Program Files (x86)\Microsoft Visual Studio 12.0\VC\bin\CL.exe /c /ZI /nologo /W3 /WX- /sdl /Od /Oy- /D WIN32 /D _DEBUG /D _CONSOLE /D _LIB /D _UNICODE /D UNICODE /Gm /EHsc /RTC1 /MDd /GS /fp:precise /Zc:wchar_t /Zc:forScope /Yu"stdafx.h" /Fp"Debug\lab1_00.pch" /Fo"Debug\\" /Fd"Debug\vc120.pdb" /Gd /TP /analyze- /errorReport:prompt HeadAST.cpp HornClauseAST.cpp lab1_00.cpp
         HeadAST.cpp
         Generating Code...
         Skipping... (no relevant changes detected)
         lab1_00.cpp
         HornClauseAST.cpp
       Link:
         C:\Program Files (x86)\Microsoft Visual Studio 12.0\VC\bin\link.exe /ERRORREPORT:PROMPT /OUT:"D:\Programming_Projects\C++\lab1_00v_1.1\lab1_00v_1.1\Debug\lab1_00.exe" /INCREMENTAL /NOLOGO kernel32.lib user32.lib gdi32.lib winspool.lib comdlg32.lib advapi32.lib shell32.lib ole32.lib oleaut32.lib uuid.lib odbc32.lib odbccp32.lib /MANIFEST /MANIFESTUAC:"level='asInvoker' uiAccess='false'" /manifest:embed /DEBUG /PDB:"D:\Programming_Projects\C++\lab1_00v_1.1\lab1_00v_1.1\Debug\lab1_00.pdb" /SUBSYSTEM:CONSOLE /TLBID:1 /DYNAMICBASE /NXCOMPAT /IMPLIB:"D:\Programming_Projects\C++\lab1_00v_1.1\lab1_00v_1.1\Debug\lab1_00.lib" /MACHINE:X86 Debug\ASTNode.obj
         Debug\BodyAST.obj
         Debug\HeadAST.obj
         Debug\HornClauseAST.obj
         Debug\lab1_00.obj
         Debug\LABEL.obj
         Debug\NUMBER.obj
         Debug\PredicateAST.obj
         Debug\scanner.obj
         Debug\stdafx.obj
         Debug\Terminals.obj
         Debug\token.obj
         lab1_00.vcxproj -> D:\Programming_Projects\C++\lab1_00v_1.1\lab1_00v_1.1\Debug\lab1_00.exe
     1>Done Building Project "D:\Programming_Projects\C++\lab1_00v_1.1\lab1_00v_1.1\lab1_00\lab1_00.vcxproj" (Build target(s)).

Build succeeded.

Time Elapsed 00:00:00.60
